0 info it worked if it ends with ok
1 verbose cli [ 'node', '/usr/bin/npm', 'install', '-g', 'grunt-cli' ]
2 info using npm@2.0.0
3 info using node@v0.10.29
4 verbose node symlink /usr/bin/node
5 verbose cache add [ 'grunt-cli', null ]
6 verbose cache add spec="grunt-cli" args=["grunt-cli",null]
7 verbose parsed spec { raw: 'grunt-cli',
7 verbose parsed spec   scope: null,
7 verbose parsed spec   name: 'grunt-cli',
7 verbose parsed spec   rawSpec: '',
7 verbose parsed spec   spec: '*',
7 verbose parsed spec   type: 'range' }
8 verbose parsed spec { raw: 'grunt-cli',
8 verbose parsed spec   scope: null,
8 verbose parsed spec   name: 'grunt-cli',
8 verbose parsed spec   rawSpec: '',
8 verbose parsed spec   spec: '*',
8 verbose parsed spec   type: 'range' }
9 verbose addNamed [ 'grunt-cli', '*' ]
10 verbose addNamed [ null, '*' ]
11 silly lockFile 2c34ebba-grunt-cli grunt-cli@*
12 verbose lock grunt-cli@* /home/torto/.npm/2c34ebba-grunt-cli.lock
13 silly addNameRange { name: 'grunt-cli', range: '*', hasData: false }
14 verbose mapToRegistry name grunt-cli
15 verbose mapToRegistry uri https://registry.npmjs.org/grunt-cli
16 verbose request on initialization, where is /grunt-cli
17 verbose request after pass 1, where is /grunt-cli
18 verbose request url raw /grunt-cli
19 verbose request resolving registry [ 'https://registry.npmjs.org/', './grunt-cli' ]
20 verbose request after pass 2, where is https://registry.npmjs.org/grunt-cli
21 verbose request no auth needed
22 info attempt registry request try #1 at 22:44:15
23 verbose request id 73a317ccdffb4bde
24 http request GET https://registry.npmjs.org/grunt-cli
25 http 200 https://registry.npmjs.org/grunt-cli
26 silly registry.get cb [ 200,
26 silly registry.get   { date: 'Tue, 21 Oct 2014 00:44:17 GMT',
26 silly registry.get     server: 'CouchDB/1.5.0 (Erlang OTP/R16B03)',
26 silly registry.get     etag: '"42HXSJEDKXE3E77LORJEEZN7I"',
26 silly registry.get     'content-type': 'application/json',
26 silly registry.get     'cache-control': 'max-age=60',
26 silly registry.get     'content-length': '19941',
26 silly registry.get     'accept-ranges': 'bytes',
26 silly registry.get     via: '1.1 varnish',
26 silly registry.get     age: '50',
26 silly registry.get     'x-served-by': 'cache-iad2133-IAD',
26 silly registry.get     'x-cache': 'HIT',
26 silly registry.get     'x-cache-hits': '1',
26 silly registry.get     'x-timer': 'S1413852257.533867,VS0,VE0',
26 silly registry.get     vary: 'Accept',
26 silly registry.get     'keep-alive': 'timeout=10, max=50',
26 silly registry.get     connection: 'Keep-Alive' } ]
27 silly addNameRange number 2 { name: 'grunt-cli', range: '*', hasData: true }
28 silly addNameRange versions [ 'grunt-cli',
28 silly addNameRange   [ '0.1.0',
28 silly addNameRange     '0.1.1',
28 silly addNameRange     '0.1.2',
28 silly addNameRange     '0.1.3',
28 silly addNameRange     '0.1.4',
28 silly addNameRange     '0.1.5',
28 silly addNameRange     '0.1.6',
28 silly addNameRange     '0.1.7',
28 silly addNameRange     '0.1.8',
28 silly addNameRange     '0.1.9',
28 silly addNameRange     '0.1.10',
28 silly addNameRange     '0.1.11',
28 silly addNameRange     '0.1.12',
28 silly addNameRange     '0.1.13' ] ]
29 verbose addNamed [ 'grunt-cli', '0.1.13' ]
30 verbose addNamed [ '0.1.13', '0.1.13' ]
31 silly lockFile 28997503-grunt-cli-0-1-13 grunt-cli@0.1.13
32 verbose lock grunt-cli@0.1.13 /home/torto/.npm/28997503-grunt-cli-0-1-13.lock
33 silly lockFile ab76c46e-g-grunt-cli-grunt-cli-0-1-13-tgz https://registry.npmjs.org/grunt-cli/-/grunt-cli-0.1.13.tgz
34 verbose lock https://registry.npmjs.org/grunt-cli/-/grunt-cli-0.1.13.tgz /home/torto/.npm/ab76c46e-g-grunt-cli-grunt-cli-0-1-13-tgz.lock
35 verbose addRemoteTarball [ 'https://registry.npmjs.org/grunt-cli/-/grunt-cli-0.1.13.tgz',
35 verbose addRemoteTarball   'e9ebc4047631f5012d922770c39378133cad10f4' ]
36 info retry fetch attempt 1 at 22:44:18
37 info attempt registry request try #1 at 22:44:18
38 http fetch GET https://registry.npmjs.org/grunt-cli/-/grunt-cli-0.1.13.tgz
39 http fetch 200 https://registry.npmjs.org/grunt-cli/-/grunt-cli-0.1.13.tgz
40 silly fetchAndShaCheck shasum e9ebc4047631f5012d922770c39378133cad10f4
41 silly lockFile ab76c46e-g-grunt-cli-grunt-cli-0-1-13-tgz https://registry.npmjs.org/grunt-cli/-/grunt-cli-0.1.13.tgz
42 silly lockFile ab76c46e-g-grunt-cli-grunt-cli-0-1-13-tgz https://registry.npmjs.org/grunt-cli/-/grunt-cli-0.1.13.tgz
43 silly lockFile 28997503-grunt-cli-0-1-13 grunt-cli@0.1.13
44 silly lockFile 28997503-grunt-cli-0-1-13 grunt-cli@0.1.13
45 silly lockFile 2c34ebba-grunt-cli grunt-cli@*
46 silly lockFile 2c34ebba-grunt-cli grunt-cli@*
47 silly resolved [ { name: 'grunt-cli',
47 silly resolved     description: 'The grunt command line interface.',
47 silly resolved     version: '0.1.13',
47 silly resolved     author: { name: 'Grunt Team' },
47 silly resolved     homepage: 'http://gruntjs.com/',
47 silly resolved     repository: { type: 'git', url: 'git://github.com/gruntjs/grunt-cli.git' },
47 silly resolved     bugs: { url: 'http://github.com/gruntjs/grunt-cli/issues' },
47 silly resolved     licenses: [ [Object] ],
47 silly resolved     bin: { grunt: 'bin/grunt' },
47 silly resolved     engines: { node: '>= 0.8.0' },
47 silly resolved     scripts: { test: 'node bin/grunt test' },
47 silly resolved     preferGlobal: true,
47 silly resolved     dependencies: { nopt: '~1.0.10', 'findup-sync': '~0.1.0', resolve: '~0.3.1' },
47 silly resolved     devDependencies: { grunt: '~0.4.0', 'grunt-contrib-jshint': '~0.2.0' },
47 silly resolved     contributors: [ [Object], [Object], [Object], [Object] ],
47 silly resolved     _id: 'grunt-cli@0.1.13',
47 silly resolved     dist:
47 silly resolved      { shasum: 'e9ebc4047631f5012d922770c39378133cad10f4',
47 silly resolved        tarball: 'http://registry.npmjs.org/grunt-cli/-/grunt-cli-0.1.13.tgz' },
47 silly resolved     _from: 'grunt-cli@*',
47 silly resolved     _npmVersion: '1.3.24',
47 silly resolved     _npmUser: { name: 'tkellen', email: 'tyler@sleekcode.net' },
47 silly resolved     maintainers: [ [Object] ],
47 silly resolved     directories: {},
47 silly resolved     _shasum: 'e9ebc4047631f5012d922770c39378133cad10f4',
47 silly resolved     _resolved: 'https://registry.npmjs.org/grunt-cli/-/grunt-cli-0.1.13.tgz' } ]
48 info install grunt-cli@0.1.13 into /usr/lib
49 info installOne grunt-cli@0.1.13
50 verbose lib/node_modules/grunt-cli unbuild
51 verbose gentlyRm vacuuming /usr/lib/node_modules/grunt-cli
52 verbose tar unpack /home/torto/.npm/grunt-cli/0.1.13/package.tgz
53 silly lockFile 2107e595-r-usr-lib-node-modules-grunt-cli tar:///usr/lib/node_modules/grunt-cli
54 verbose lock tar:///usr/lib/node_modules/grunt-cli /home/torto/.npm/2107e595-r-usr-lib-node-modules-grunt-cli.lock
55 silly lockFile 8e9e7d4c-npm-grunt-cli-0-1-13-package-tgz tar:///home/torto/.npm/grunt-cli/0.1.13/package.tgz
56 verbose lock tar:///home/torto/.npm/grunt-cli/0.1.13/package.tgz /home/torto/.npm/8e9e7d4c-npm-grunt-cli-0-1-13-package-tgz.lock
57 verbose gentlyRm vacuuming /usr/lib/node_modules/grunt-cli
58 silly gunzTarPerm modes [ '755', '644' ]
59 verbose fstream_path /usr/lib/node_modules/grunt-cli
60 verbose fstream_type Directory
61 verbose fstream_class DirWriter
62 verbose stack Error: EACCES, mkdir '/usr/lib/node_modules/grunt-cli'
63 verbose fstream_stack /usr/lib/node_modules/npm/node_modules/fstream/lib/dir-writer.js:36:23
63 verbose fstream_stack /usr/lib/node_modules/npm/node_modules/mkdirp/index.js:46:53
63 verbose fstream_stack Object.oncomplete (fs.js:107:15)
64 verbose cwd /home/torto/portifolio
65 error Linux 3.14-2-amd64
66 error argv "node" "/usr/bin/npm" "install" "-g" "grunt-cli"
67 error node v0.10.29
68 error npm  v2.0.0
69 error path /usr/lib/node_modules/grunt-cli
70 error code EACCES
71 error errno 3
72 error Error: EACCES, mkdir '/usr/lib/node_modules/grunt-cli'
72 error  { [Error: EACCES, mkdir '/usr/lib/node_modules/grunt-cli']
72 error   errno: 3,
72 error   code: 'EACCES',
72 error   path: '/usr/lib/node_modules/grunt-cli',
72 error   fstream_type: 'Directory',
72 error   fstream_path: '/usr/lib/node_modules/grunt-cli',
72 error   fstream_class: 'DirWriter',
72 error   fstream_stack:
72 error    [ '/usr/lib/node_modules/npm/node_modules/fstream/lib/dir-writer.js:36:23',
72 error      '/usr/lib/node_modules/npm/node_modules/mkdirp/index.js:46:53',
72 error      'Object.oncomplete (fs.js:107:15)' ] }
73 error Please try running this command again as root/Administrator.
74 verbose exit [ 3, true ]
